|--- feature_2 <= 137.50
|   |--- feature_6 <= 1704901.50
|   |   |--- feature_1 <= 34.50
|   |   |   |--- feature_1 <= 29.50
|   |   |   |   |--- class: 1.0
|   |   |   |--- feature_1 >  29.50
|   |   |   |   |--- class: 1.0
|   |   |--- feature_1 >  34.50
|   |   |   |--- feature_0 <= 3889.50
|   |   |   |   |--- class: 1.0
|   |   |   |--- feature_0 >  3889.50
|   |   |   |   |--- class: 1.0
|   |--- feature_6 >  1704901.50
|   |   |--- feature_2 <= 69.50
|   |   |   |--- feature_1 <= 34.50
|   |   |   |   |--- class: 1.0
|   |   |   |--- feature_1 >  34.50
|   |   |   |   |--- class: 0.0
|   |   |--- feature_2 >  69.50
|   |   |   |--- feature_0 <= 15899.50
|   |   |   |   |--- class: 1.0
|   |   |   |--- feature_0 >  15899.50
|   |   |   |   |--- class: 0.0
|--- feature_2 >  137.50
|   |--- feature_1 <= 29.50
|   |   |--- feature_18 <= 4968.50
|   |   |   |--- feature_0 <= 12076.50
|   |   |   |   |--- class: 1.0
|   |   |   |--- feature_0 >  12076.50
|   |   |   |   |--- class: 1.0
|   |   |--- feature_18 >  4968.50
|   |   |   |--- feature_1 <= 24.50
|   |   |   |   |--- class: 1.0
|   |   |   |--- feature_1 >  24.50
|   |   |   |   |--- class: 1.0
|   |--- feature_1 >  29.50
|   |   |--- feature_2 <= 288.50
|   |   |   |--- feature_16 <= 0.76
|   |   |   |   |--- class: 1.0
|   |   |   |--- feature_16 >  0.76
|   |   |   |   |--- class: 1.0
|   |   |--- feature_2 >  288.50
|   |   |   |--- feature_2 <= 439.50
|   |   |   |   |--- class: 1.0
|   |   |   |--- feature_2 >  439.50
|   |   |   |   |--- class: 1.0
